Determining if the pthread_create exist failed with the following output:
Change Dir: /home/ruijun/catkin_ws_laser/src/pots_coordinates/build/CMakeFiles/CMakeTmp

Run Build Command:"/usr/bin/make" "cmTC_21eff/fast"
/usr/bin/make -f CMakeFiles/cmTC_21eff.dir/build.make CMakeFiles/cmTC_21eff.dir/build
make[1]: 进入目录“/home/ruijun/catkin_ws_laser/src/pots_coordinates/build/CMakeFiles/CMakeTmp”
Building C object CMakeFiles/cmTC_21eff.dir/CheckSymbolExists.c.o
/usr/bin/gcc-7    -o CMakeFiles/cmTC_21eff.dir/CheckSymbolExists.c.o   -c /home/ruijun/catkin_ws_laser/src/pots_coordinates/build/CMakeFiles/CMakeTmp/CheckSymbolExists.c
Linking C executable cmTC_21eff
/usr/local/bin/cmake -E cmake_link_script CMakeFiles/cmTC_21eff.dir/link.txt --verbose=1
/usr/bin/gcc-7      -rdynamic CMakeFiles/cmTC_21eff.dir/CheckSymbolExists.c.o  -o cmTC_21eff 
CMakeFiles/cmTC_21eff.dir/CheckSymbolExists.c.o：在函数‘main’中：
CheckSymbolExists.c:(.text+0x1b)：对‘pthread_create’未定义的引用
collect2: error: ld returned 1 exit status
CMakeFiles/cmTC_21eff.dir/build.make:86: recipe for target 'cmTC_21eff' failed
make[1]: *** [cmTC_21eff] Error 1
make[1]: 离开目录“/home/ruijun/catkin_ws_laser/src/pots_coordinates/build/CMakeFiles/CMakeTmp”
Makefile:126: recipe for target 'cmTC_21eff/fast' failed
make: *** [cmTC_21eff/fast] Error 2

File /home/ruijun/catkin_ws_laser/src/pots_coordinates/build/CMakeFiles/CMakeTmp/CheckSymbolExists.c:
/* */
#include <pthread.h>

int main(int argc, char** argv)
{
  (void)argv;
#ifndef pthread_create
  return ((int*)(&pthread_create))[argc];
#else
  (void)argc;
  return 0;
#endif
}

Determining if the function pthread_create exists in the pthreads failed with the following output:
Change Dir: /home/ruijun/catkin_ws_laser/src/pots_coordinates/build/CMakeFiles/CMakeTmp

Run Build Command:"/usr/bin/make" "cmTC_94ce8/fast"
/usr/bin/make -f CMakeFiles/cmTC_94ce8.dir/build.make CMakeFiles/cmTC_94ce8.dir/build
make[1]: 进入目录“/home/ruijun/catkin_ws_laser/src/pots_coordinates/build/CMakeFiles/CMakeTmp”
Building C object CMakeFiles/cmTC_94ce8.dir/CheckFunctionExists.c.o
/usr/bin/gcc-7   -DCHECK_FUNCTION_EXISTS=pthread_create   -o CMakeFiles/cmTC_94ce8.dir/CheckFunctionExists.c.o   -c /usr/local/share/cmake-3.11/Modules/CheckFunctionExists.c
Linking C executable cmTC_94ce8
/usr/local/bin/cmake -E cmake_link_script CMakeFiles/cmTC_94ce8.dir/link.txt --verbose=1
/usr/bin/gcc-7  -DCHECK_FUNCTION_EXISTS=pthread_create    -rdynamic CMakeFiles/cmTC_94ce8.dir/CheckFunctionExists.c.o  -o cmTC_94ce8 -lpthreads 
/usr/bin/ld: 找不到 -lpthreads
collect2: error: ld returned 1 exit status
CMakeFiles/cmTC_94ce8.dir/build.make:86: recipe for target 'cmTC_94ce8' failed
make[1]: *** [cmTC_94ce8] Error 1
make[1]: 离开目录“/home/ruijun/catkin_ws_laser/src/pots_coordinates/build/CMakeFiles/CMakeTmp”
Makefile:126: recipe for target 'cmTC_94ce8/fast' failed
make: *** [cmTC_94ce8/fast] Error 2


